d:\1. programmieren\opengl\programme\life3d\x64\release\vc143.pdb
d:\1. programmieren\opengl\programme\life3d\x64\release\stb_handler.obj
d:\1. programmieren\opengl\programme\life3d\x64\release\life_3d.obj
d:\1. programmieren\opengl\programme\life3d\x64\release\life3d_particles.obj
d:\1. programmieren\opengl\programme\life3d\x64\release\life3d_engine.obj
d:\1. programmieren\opengl\programme\life3d\x64\release\imgui_widgets.obj
d:\1. programmieren\opengl\programme\life3d\x64\release\imgui_tables.obj
d:\1. programmieren\opengl\programme\life3d\x64\release\imgui_impl_opengl3.obj
d:\1. programmieren\opengl\programme\life3d\x64\release\imgui_impl_glfw.obj
d:\1. programmieren\opengl\programme\life3d\x64\release\imgui_draw.obj
d:\1. programmieren\opengl\programme\life3d\x64\release\imgui_demo.obj
d:\1. programmieren\opengl\programme\life3d\x64\release\imgui.obj
d:\1. programmieren\opengl\programme\life3d\x64\release\glad.obj
d:\1. programmieren\opengl\programme\myopengljourney\x64\release\life3d.exe
d:\1. programmieren\opengl\programme\life3d\x64\release\life3d.ipdb
d:\1. programmieren\opengl\programme\myopengljourney\x64\release\life3d.pdb
d:\1. programmieren\opengl\programme\life3d\x64\release\life3d.iobj
d:\1. programmieren\opengl\programme\life3d\x64\release\life3d.tlog\cl.command.1.tlog
d:\1. programmieren\opengl\programme\life3d\x64\release\life3d.tlog\cl.items.tlog
d:\1. programmieren\opengl\programme\life3d\x64\release\life3d.tlog\cl.read.1.tlog
d:\1. programmieren\opengl\programme\life3d\x64\release\life3d.tlog\cl.write.1.tlog
d:\1. programmieren\opengl\programme\life3d\x64\release\life3d.tlog\link.command.1.tlog
d:\1. programmieren\opengl\programme\life3d\x64\release\life3d.tlog\link.read.1.tlog
d:\1. programmieren\opengl\programme\life3d\x64\release\life3d.tlog\link.write.1.tlog
